<?xml version="1.0" encoding="UTF-8"?>
<!-- Generated by org.testng.reporters.JUnitReportReporter -->
<testsuite hostname="Pruthwirajs-MacBook-Air.local" failures="0" tests="1" name="com.zestmoney.qa.testcases.LoginPageTest" time="19.075" errors="0" timestamp="2021-03-12T00:41:38 IST" skipped="0">
  <testcase classname="com.zestmoney.qa.testcases.LoginPageTest" name="selectProductTest" time="19.075"/>
</testsuite> <!-- com.zestmoney.qa.testcases.LoginPageTest -->
