<?xml version="1.0" encoding="UTF-8"?>
<!-- Generated by org.testng.reporters.JUnitReportReporter -->
<testsuite hostname="Pruthwirajs-MacBook-Air.local" failures="0" tests="5" name="com.zestmoney.qa.testcases.PriceComparisionTest" time="31.612" errors="0" timestamp="2021-03-12T13:01:01 IST" skipped="0">
  <testcase classname="com.zestmoney.qa.testcases.PriceComparisionTest" name="amazonLoginPageTitleTest" time="4.674"/>
  <testcase classname="com.zestmoney.qa.testcases.PriceComparisionTest" name="amazonSelectProductTest" time="10.983"/>
  <testcase classname="com.zestmoney.qa.testcases.PriceComparisionTest" name="flipkartLoginPageTitleTest" time="4.639"/>
  <testcase classname="com.zestmoney.qa.testcases.PriceComparisionTest" name="flipkartSelectProductTest" time="8.316"/>
  <testcase classname="com.zestmoney.qa.testcases.PriceComparisionTest" name="comparePriceTest" time="3.000"/>
</testsuite> <!-- com.zestmoney.qa.testcases.PriceComparisionTest -->
